2026-06-23 16:10:25,441 | INFO | Log file: C:\Users\Sthuthi Sheela\Desktop\Employee-Attrition-Prediction\attack\logs\attack_20260623_161025.log
2026-06-23 16:10:25,443 | INFO | Generating 3,000 synthetic queries (strategy=distribution)...
2026-06-23 16:10:25,857 | INFO | ======================================================================
2026-06-23 16:10:25,858 | INFO | MODEL STEALING ATTACK SIMULATION - DATA COLLECTION
2026-06-23 16:10:25,858 | INFO | ======================================================================
2026-06-23 16:10:25,859 | INFO | Target API: http://127.0.0.1:5000/api/predict
2026-06-23 16:10:25,866 | INFO | Total queries planned: 3,000
2026-06-23 16:10:25,866 | INFO | Output file: C:\Users\Sthuthi Sheela\Desktop\Employee-Attrition-Prediction\attack\stolen_dataset.csv
2026-06-23 16:10:25,873 | INFO | API health check passed: {'model_loaded': True, 'status': 'ok'}
2026-06-23 16:10:25,874 | INFO | ----------------------------------------------------------------------
2026-06-23 16:10:25,874 | INFO | Starting query submission...
2026-06-23 16:10:25,875 | INFO | ----------------------------------------------------------------------
2026-06-23 16:10:28,840 | INFO | Progress: 50/3,000 (1.7%) | Success: 50 | Failed: 0 | Rate: 16.8 req/s
2026-06-23 16:10:31,674 | INFO | Progress: 100/3,000 (3.3%) | Success: 100 | Failed: 0 | Rate: 17.2 req/s
2026-06-23 16:10:31,680 | INFO | Checkpoint saved (100 rows) -> C:\Users\Sthuthi Sheela\Desktop\Employee-Attrition-Prediction\attack\stolen_dataset.csv
2026-06-23 16:10:34,432 | INFO | Progress: 150/3,000 (5.0%) | Success: 150 | Failed: 0 | Rate: 17.5 req/s
2026-06-23 16:10:37,420 | INFO | Progress: 200/3,000 (6.7%) | Success: 200 | Failed: 0 | Rate: 17.3 req/s
2026-06-23 16:10:37,424 | INFO | Checkpoint saved (200 rows) -> C:\Users\Sthuthi Sheela\Desktop\Employee-Attrition-Prediction\attack\stolen_dataset.csv
2026-06-23 16:10:40,179 | INFO | Progress: 250/3,000 (8.3%) | Success: 250 | Failed: 0 | Rate: 17.5 req/s
2026-06-23 16:10:43,202 | INFO | Progress: 300/3,000 (10.0%) | Success: 300 | Failed: 0 | Rate: 17.3 req/s
2026-06-23 16:10:43,225 | INFO | Checkpoint saved (300 rows) -> C:\Users\Sthuthi Sheela\Desktop\Employee-Attrition-Prediction\attack\stolen_dataset.csv
2026-06-23 16:10:46,843 | INFO | Progress: 350/3,000 (11.7%) | Success: 350 | Failed: 0 | Rate: 16.7 req/s
2026-06-23 16:10:50,149 | INFO | Progress: 400/3,000 (13.3%) | Success: 400 | Failed: 0 | Rate: 16.5 req/s
2026-06-23 16:10:50,163 | INFO | Checkpoint saved (400 rows) -> C:\Users\Sthuthi Sheela\Desktop\Employee-Attrition-Prediction\attack\stolen_dataset.csv
2026-06-23 16:10:53,345 | INFO | Progress: 450/3,000 (15.0%) | Success: 450 | Failed: 0 | Rate: 16.4 req/s
2026-06-23 16:10:56,097 | INFO | Progress: 500/3,000 (16.7%) | Success: 500 | Failed: 0 | Rate: 16.5 req/s
2026-06-23 16:10:56,109 | INFO | Checkpoint saved (500 rows) -> C:\Users\Sthuthi Sheela\Desktop\Employee-Attrition-Prediction\attack\stolen_dataset.csv
2026-06-23 16:10:58,728 | INFO | Progress: 550/3,000 (18.3%) | Success: 550 | Failed: 0 | Rate: 16.7 req/s
2026-06-23 16:11:01,615 | INFO | Progress: 600/3,000 (20.0%) | Success: 600 | Failed: 0 | Rate: 16.8 req/s
2026-06-23 16:11:01,627 | INFO | Checkpoint saved (600 rows) -> C:\Users\Sthuthi Sheela\Desktop\Employee-Attrition-Prediction\attack\stolen_dataset.csv
2026-06-23 16:11:04,683 | INFO | Progress: 650/3,000 (21.7%) | Success: 650 | Failed: 0 | Rate: 16.7 req/s
2026-06-23 16:11:07,650 | INFO | Progress: 700/3,000 (23.3%) | Success: 700 | Failed: 0 | Rate: 16.7 req/s
2026-06-23 16:11:07,668 | INFO | Checkpoint saved (700 rows) -> C:\Users\Sthuthi Sheela\Desktop\Employee-Attrition-Prediction\attack\stolen_dataset.csv
2026-06-23 16:11:11,024 | INFO | Progress: 750/3,000 (25.0%) | Success: 750 | Failed: 0 | Rate: 16.6 req/s
2026-06-23 16:11:14,516 | INFO | Progress: 800/3,000 (26.7%) | Success: 800 | Failed: 0 | Rate: 16.4 req/s
2026-06-23 16:11:14,543 | INFO | Checkpoint saved (800 rows) -> C:\Users\Sthuthi Sheela\Desktop\Employee-Attrition-Prediction\attack\stolen_dataset.csv
2026-06-23 16:11:18,109 | INFO | Progress: 850/3,000 (28.3%) | Success: 850 | Failed: 0 | Rate: 16.3 req/s
2026-06-23 16:11:21,772 | INFO | Progress: 900/3,000 (30.0%) | Success: 900 | Failed: 0 | Rate: 16.1 req/s
2026-06-23 16:11:21,806 | INFO | Checkpoint saved (900 rows) -> C:\Users\Sthuthi Sheela\Desktop\Employee-Attrition-Prediction\attack\stolen_dataset.csv
2026-06-23 16:11:25,286 | INFO | Progress: 950/3,000 (31.7%) | Success: 950 | Failed: 0 | Rate: 16.0 req/s
2026-06-23 16:11:28,463 | INFO | Progress: 1,000/3,000 (33.3%) | Success: 1,000 | Failed: 0 | Rate: 16.0 req/s
2026-06-23 16:11:28,481 | INFO | Checkpoint saved (1000 rows) -> C:\Users\Sthuthi Sheela\Desktop\Employee-Attrition-Prediction\attack\stolen_dataset.csv
2026-06-23 16:11:31,228 | INFO | Progress: 1,050/3,000 (35.0%) | Success: 1,050 | Failed: 0 | Rate: 16.1 req/s
2026-06-23 16:11:33,805 | INFO | Progress: 1,100/3,000 (36.7%) | Success: 1,100 | Failed: 0 | Rate: 16.2 req/s
2026-06-23 16:11:33,823 | INFO | Checkpoint saved (1100 rows) -> C:\Users\Sthuthi Sheela\Desktop\Employee-Attrition-Prediction\attack\stolen_dataset.csv
2026-06-23 16:11:36,804 | INFO | Progress: 1,150/3,000 (38.3%) | Success: 1,150 | Failed: 0 | Rate: 16.2 req/s
2026-06-23 16:11:39,591 | INFO | Progress: 1,200/3,000 (40.0%) | Success: 1,200 | Failed: 0 | Rate: 16.3 req/s
2026-06-23 16:11:39,611 | INFO | Checkpoint saved (1200 rows) -> C:\Users\Sthuthi Sheela\Desktop\Employee-Attrition-Prediction\attack\stolen_dataset.csv
2026-06-23 16:11:42,387 | INFO | Progress: 1,250/3,000 (41.7%) | Success: 1,250 | Failed: 0 | Rate: 16.3 req/s
2026-06-23 16:11:45,107 | INFO | Progress: 1,300/3,000 (43.3%) | Success: 1,300 | Failed: 0 | Rate: 16.4 req/s
2026-06-23 16:11:45,118 | INFO | Checkpoint saved (1300 rows) -> C:\Users\Sthuthi Sheela\Desktop\Employee-Attrition-Prediction\attack\stolen_dataset.csv
2026-06-23 16:11:47,700 | INFO | Progress: 1,350/3,000 (45.0%) | Success: 1,350 | Failed: 0 | Rate: 16.5 req/s
2026-06-23 16:11:50,664 | INFO | Progress: 1,400/3,000 (46.7%) | Success: 1,400 | Failed: 0 | Rate: 16.5 req/s
2026-06-23 16:11:50,707 | INFO | Checkpoint saved (1400 rows) -> C:\Users\Sthuthi Sheela\Desktop\Employee-Attrition-Prediction\attack\stolen_dataset.csv
2026-06-23 16:11:53,580 | INFO | Progress: 1,450/3,000 (48.3%) | Success: 1,450 | Failed: 0 | Rate: 16.5 req/s
2026-06-23 16:11:56,259 | INFO | Progress: 1,500/3,000 (50.0%) | Success: 1,500 | Failed: 0 | Rate: 16.6 req/s
2026-06-23 16:11:56,286 | INFO | Checkpoint saved (1500 rows) -> C:\Users\Sthuthi Sheela\Desktop\Employee-Attrition-Prediction\attack\stolen_dataset.csv
2026-06-23 16:11:59,240 | INFO | Progress: 1,550/3,000 (51.7%) | Success: 1,550 | Failed: 0 | Rate: 16.6 req/s
2026-06-23 16:12:02,177 | INFO | Progress: 1,600/3,000 (53.3%) | Success: 1,600 | Failed: 0 | Rate: 16.6 req/s
2026-06-23 16:12:02,210 | INFO | Checkpoint saved (1600 rows) -> C:\Users\Sthuthi Sheela\Desktop\Employee-Attrition-Prediction\attack\stolen_dataset.csv
2026-06-23 16:12:04,911 | INFO | Progress: 1,650/3,000 (55.0%) | Success: 1,650 | Failed: 0 | Rate: 16.7 req/s
2026-06-23 16:12:07,666 | INFO | Progress: 1,700/3,000 (56.7%) | Success: 1,700 | Failed: 0 | Rate: 16.7 req/s
2026-06-23 16:12:07,693 | INFO | Checkpoint saved (1700 rows) -> C:\Users\Sthuthi Sheela\Desktop\Employee-Attrition-Prediction\attack\stolen_dataset.csv
2026-06-23 16:12:10,479 | INFO | Progress: 1,750/3,000 (58.3%) | Success: 1,750 | Failed: 0 | Rate: 16.7 req/s
2026-06-23 16:12:13,307 | INFO | Progress: 1,800/3,000 (60.0%) | Success: 1,800 | Failed: 0 | Rate: 16.8 req/s
2026-06-23 16:12:13,331 | INFO | Checkpoint saved (1800 rows) -> C:\Users\Sthuthi Sheela\Desktop\Employee-Attrition-Prediction\attack\stolen_dataset.csv
2026-06-23 16:12:16,143 | INFO | Progress: 1,850/3,000 (61.7%) | Success: 1,850 | Failed: 0 | Rate: 16.8 req/s
2026-06-23 16:12:18,987 | INFO | Progress: 1,900/3,000 (63.3%) | Success: 1,900 | Failed: 0 | Rate: 16.8 req/s
2026-06-23 16:12:19,040 | INFO | Checkpoint saved (1900 rows) -> C:\Users\Sthuthi Sheela\Desktop\Employee-Attrition-Prediction\attack\stolen_dataset.csv
2026-06-23 16:12:21,799 | INFO | Progress: 1,950/3,000 (65.0%) | Success: 1,950 | Failed: 0 | Rate: 16.8 req/s
2026-06-23 16:12:24,574 | INFO | Progress: 2,000/3,000 (66.7%) | Success: 2,000 | Failed: 0 | Rate: 16.8 req/s
2026-06-23 16:12:24,609 | INFO | Checkpoint saved (2000 rows) -> C:\Users\Sthuthi Sheela\Desktop\Employee-Attrition-Prediction\attack\stolen_dataset.csv
2026-06-23 16:12:27,352 | INFO | Progress: 2,050/3,000 (68.3%) | Success: 2,050 | Failed: 0 | Rate: 16.9 req/s
2026-06-23 16:12:30,168 | INFO | Progress: 2,100/3,000 (70.0%) | Success: 2,100 | Failed: 0 | Rate: 16.9 req/s
2026-06-23 16:12:30,208 | INFO | Checkpoint saved (2100 rows) -> C:\Users\Sthuthi Sheela\Desktop\Employee-Attrition-Prediction\attack\stolen_dataset.csv
2026-06-23 16:12:33,075 | INFO | Progress: 2,150/3,000 (71.7%) | Success: 2,150 | Failed: 0 | Rate: 16.9 req/s
2026-06-23 16:12:35,792 | INFO | Progress: 2,200/3,000 (73.3%) | Success: 2,200 | Failed: 0 | Rate: 16.9 req/s
2026-06-23 16:12:35,830 | INFO | Checkpoint saved (2200 rows) -> C:\Users\Sthuthi Sheela\Desktop\Employee-Attrition-Prediction\attack\stolen_dataset.csv
2026-06-23 16:12:38,734 | INFO | Progress: 2,250/3,000 (75.0%) | Success: 2,250 | Failed: 0 | Rate: 16.9 req/s
2026-06-23 16:12:41,539 | INFO | Progress: 2,300/3,000 (76.7%) | Success: 2,300 | Failed: 0 | Rate: 17.0 req/s
2026-06-23 16:12:41,573 | INFO | Checkpoint saved (2300 rows) -> C:\Users\Sthuthi Sheela\Desktop\Employee-Attrition-Prediction\attack\stolen_dataset.csv
2026-06-23 16:12:44,415 | INFO | Progress: 2,350/3,000 (78.3%) | Success: 2,350 | Failed: 0 | Rate: 17.0 req/s
2026-06-23 16:12:47,598 | INFO | Progress: 2,400/3,000 (80.0%) | Success: 2,400 | Failed: 0 | Rate: 16.9 req/s
2026-06-23 16:12:47,655 | INFO | Checkpoint saved (2400 rows) -> C:\Users\Sthuthi Sheela\Desktop\Employee-Attrition-Prediction\attack\stolen_dataset.csv
2026-06-23 16:12:50,671 | INFO | Progress: 2,450/3,000 (81.7%) | Success: 2,450 | Failed: 0 | Rate: 16.9 req/s
2026-06-23 16:12:53,766 | INFO | Progress: 2,500/3,000 (83.3%) | Success: 2,500 | Failed: 0 | Rate: 16.9 req/s
2026-06-23 16:12:53,846 | INFO | Checkpoint saved (2500 rows) -> C:\Users\Sthuthi Sheela\Desktop\Employee-Attrition-Prediction\attack\stolen_dataset.csv
2026-06-23 16:12:57,552 | INFO | Progress: 2,550/3,000 (85.0%) | Success: 2,550 | Failed: 0 | Rate: 16.8 req/s
2026-06-23 16:13:01,059 | INFO | Progress: 2,600/3,000 (86.7%) | Success: 2,600 | Failed: 0 | Rate: 16.8 req/s
2026-06-23 16:13:01,147 | INFO | Checkpoint saved (2600 rows) -> C:\Users\Sthuthi Sheela\Desktop\Employee-Attrition-Prediction\attack\stolen_dataset.csv
2026-06-23 16:13:04,577 | INFO | Progress: 2,650/3,000 (88.3%) | Success: 2,650 | Failed: 0 | Rate: 16.7 req/s
2026-06-23 16:13:07,674 | INFO | Progress: 2,700/3,000 (90.0%) | Success: 2,700 | Failed: 0 | Rate: 16.7 req/s
2026-06-23 16:13:07,747 | INFO | Checkpoint saved (2700 rows) -> C:\Users\Sthuthi Sheela\Desktop\Employee-Attrition-Prediction\attack\stolen_dataset.csv
2026-06-23 16:13:10,571 | INFO | Progress: 2,750/3,000 (91.7%) | Success: 2,750 | Failed: 0 | Rate: 16.7 req/s
2026-06-23 16:13:13,575 | INFO | Progress: 2,800/3,000 (93.3%) | Success: 2,800 | Failed: 0 | Rate: 16.7 req/s
2026-06-23 16:13:13,629 | INFO | Checkpoint saved (2800 rows) -> C:\Users\Sthuthi Sheela\Desktop\Employee-Attrition-Prediction\attack\stolen_dataset.csv
2026-06-23 16:13:16,504 | INFO | Progress: 2,850/3,000 (95.0%) | Success: 2,850 | Failed: 0 | Rate: 16.7 req/s
2026-06-23 16:13:19,299 | INFO | Progress: 2,900/3,000 (96.7%) | Success: 2,900 | Failed: 0 | Rate: 16.7 req/s
2026-06-23 16:13:19,345 | INFO | Checkpoint saved (2900 rows) -> C:\Users\Sthuthi Sheela\Desktop\Employee-Attrition-Prediction\attack\stolen_dataset.csv
2026-06-23 16:13:22,322 | INFO | Progress: 2,950/3,000 (98.3%) | Success: 2,950 | Failed: 0 | Rate: 16.7 req/s
2026-06-23 16:13:24,922 | INFO | Progress: 3,000/3,000 (100.0%) | Success: 3,000 | Failed: 0 | Rate: 16.8 req/s
2026-06-23 16:13:24,970 | INFO | Checkpoint saved (3000 rows) -> C:\Users\Sthuthi Sheela\Desktop\Employee-Attrition-Prediction\attack\stolen_dataset.csv
2026-06-23 16:13:25,000 | INFO | ======================================================================
2026-06-23 16:13:25,000 | INFO | ATTACK COMPLETE
2026-06-23 16:13:25,001 | INFO | ======================================================================
2026-06-23 16:13:25,001 | INFO | Total queries sent     : 3,000
2026-06-23 16:13:25,002 | INFO | Successful responses   : 3,000
2026-06-23 16:13:25,002 | INFO | Failed responses       : 0
2026-06-23 16:13:25,002 | INFO | Success rate           : 100.0%
2026-06-23 16:13:25,003 | INFO | Elapsed time           : 179.14 seconds
2026-06-23 16:13:25,003 | INFO | Stolen dataset saved   : C:\Users\Sthuthi Sheela\Desktop\Employee-Attrition-Prediction\attack\stolen_dataset.csv
2026-06-23 16:13:25,004 | INFO | ======================================================================
