2026-06-23 16:06:48,242 | INFO | Log file: C:\Users\Sthuthi Sheela\Desktop\Employee-Attrition-Prediction\attack\logs\attack_20260623_160648.log
2026-06-23 16:06:48,242 | INFO | Generating 20 synthetic queries (strategy=distribution)...
2026-06-23 16:06:48,275 | INFO | ======================================================================
2026-06-23 16:06:48,275 | INFO | MODEL STEALING ATTACK SIMULATION - DATA COLLECTION
2026-06-23 16:06:48,275 | INFO | ======================================================================
2026-06-23 16:06:48,275 | INFO | Target API: http://127.0.0.1:5000/api/predict
2026-06-23 16:06:48,276 | INFO | Total queries planned: 20
2026-06-23 16:06:48,276 | INFO | Output file: C:\Users\Sthuthi Sheela\Desktop\Employee-Attrition-Prediction\attack\stolen_dataset.csv
2026-06-23 16:06:50,345 | INFO | API health check passed: {'model_loaded': True, 'status': 'ok'}
2026-06-23 16:06:50,346 | INFO | ----------------------------------------------------------------------
2026-06-23 16:06:50,346 | INFO | Starting query submission...
2026-06-23 16:06:50,346 | INFO | ----------------------------------------------------------------------
2026-06-23 16:06:51,097 | INFO | Progress: 20/20 (100.0%) | Success: 20 | Failed: 0 | Rate: 7.1 req/s
2026-06-23 16:06:51,110 | INFO | ======================================================================
2026-06-23 16:06:51,110 | INFO | ATTACK COMPLETE
2026-06-23 16:06:51,110 | INFO | ======================================================================
2026-06-23 16:06:51,110 | INFO | Total queries sent     : 20
2026-06-23 16:06:51,110 | INFO | Successful responses   : 20
2026-06-23 16:06:51,110 | INFO | Failed responses       : 0
2026-06-23 16:06:51,110 | INFO | Success rate           : 100.0%
2026-06-23 16:06:51,111 | INFO | Elapsed time           : 2.84 seconds
2026-06-23 16:06:51,111 | INFO | Stolen dataset saved   : C:\Users\Sthuthi Sheela\Desktop\Employee-Attrition-Prediction\attack\stolen_dataset.csv
2026-06-23 16:06:51,111 | INFO | ======================================================================
