2026-06-23 16:13:26,656 | INFO | Log file: C:\Users\Sthuthi Sheela\Desktop\Employee-Attrition-Prediction\attack\logs\attack_20260623_161326.log
2026-06-23 16:13:26,657 | INFO | Generating 5,000 synthetic queries (strategy=distribution)...
2026-06-23 16:13:27,286 | INFO | ======================================================================
2026-06-23 16:13:27,286 | INFO | MODEL STEALING ATTACK SIMULATION - DATA COLLECTION
2026-06-23 16:13:27,287 | INFO | ======================================================================
2026-06-23 16:13:27,287 | INFO | Target API: http://127.0.0.1:5000/api/predict
2026-06-23 16:13:27,288 | INFO | Total queries planned: 5,000
2026-06-23 16:13:27,288 | INFO | Output file: C:\Users\Sthuthi Sheela\Desktop\Employee-Attrition-Prediction\attack\stolen_dataset.csv
2026-06-23 16:13:27,295 | INFO | API health check passed: {'model_loaded': True, 'status': 'ok'}
2026-06-23 16:13:27,295 | INFO | ----------------------------------------------------------------------
2026-06-23 16:13:27,296 | INFO | Starting query submission...
2026-06-23 16:13:27,296 | INFO | ----------------------------------------------------------------------
2026-06-23 16:13:30,121 | INFO | Progress: 50/5,000 (1.0%) | Success: 50 | Failed: 0 | Rate: 17.6 req/s
2026-06-23 16:13:33,221 | INFO | Progress: 100/5,000 (2.0%) | Success: 100 | Failed: 0 | Rate: 16.8 req/s
2026-06-23 16:13:33,230 | INFO | Checkpoint saved (100 rows) -> C:\Users\Sthuthi Sheela\Desktop\Employee-Attrition-Prediction\attack\stolen_dataset.csv
2026-06-23 16:13:36,176 | INFO | Progress: 150/5,000 (3.0%) | Success: 150 | Failed: 0 | Rate: 16.9 req/s
2026-06-23 16:13:39,063 | INFO | Progress: 200/5,000 (4.0%) | Success: 200 | Failed: 0 | Rate: 17.0 req/s
2026-06-23 16:13:39,073 | INFO | Checkpoint saved (200 rows) -> C:\Users\Sthuthi Sheela\Desktop\Employee-Attrition-Prediction\attack\stolen_dataset.csv
2026-06-23 16:13:42,009 | INFO | Progress: 250/5,000 (5.0%) | Success: 250 | Failed: 0 | Rate: 17.0 req/s
2026-06-23 16:13:44,936 | INFO | Progress: 300/5,000 (6.0%) | Success: 300 | Failed: 0 | Rate: 17.0 req/s
2026-06-23 16:13:44,950 | INFO | Checkpoint saved (300 rows) -> C:\Users\Sthuthi Sheela\Desktop\Employee-Attrition-Prediction\attack\stolen_dataset.csv
2026-06-23 16:13:48,027 | INFO | Progress: 350/5,000 (7.0%) | Success: 350 | Failed: 0 | Rate: 16.9 req/s
2026-06-23 16:13:50,615 | INFO | Progress: 400/5,000 (8.0%) | Success: 400 | Failed: 0 | Rate: 17.1 req/s
2026-06-23 16:13:50,625 | INFO | Checkpoint saved (400 rows) -> C:\Users\Sthuthi Sheela\Desktop\Employee-Attrition-Prediction\attack\stolen_dataset.csv
2026-06-23 16:13:53,322 | INFO | Progress: 450/5,000 (9.0%) | Success: 450 | Failed: 0 | Rate: 17.3 req/s
2026-06-23 16:13:56,132 | INFO | Progress: 500/5,000 (10.0%) | Success: 500 | Failed: 0 | Rate: 17.3 req/s
2026-06-23 16:13:56,139 | INFO | Checkpoint saved (500 rows) -> C:\Users\Sthuthi Sheela\Desktop\Employee-Attrition-Prediction\attack\stolen_dataset.csv
2026-06-23 16:13:58,798 | INFO | Progress: 550/5,000 (11.0%) | Success: 550 | Failed: 0 | Rate: 17.5 req/s
2026-06-23 16:14:01,587 | INFO | Progress: 600/5,000 (12.0%) | Success: 600 | Failed: 0 | Rate: 17.5 req/s
2026-06-23 16:14:01,599 | INFO | Checkpoint saved (600 rows) -> C:\Users\Sthuthi Sheela\Desktop\Employee-Attrition-Prediction\attack\stolen_dataset.csv
2026-06-23 16:14:04,496 | INFO | Progress: 650/5,000 (13.0%) | Success: 650 | Failed: 0 | Rate: 17.5 req/s
2026-06-23 16:14:07,282 | INFO | Progress: 700/5,000 (14.0%) | Success: 700 | Failed: 0 | Rate: 17.5 req/s
2026-06-23 16:14:07,295 | INFO | Checkpoint saved (700 rows) -> C:\Users\Sthuthi Sheela\Desktop\Employee-Attrition-Prediction\attack\stolen_dataset.csv
2026-06-23 16:14:10,020 | INFO | Progress: 750/5,000 (15.0%) | Success: 750 | Failed: 0 | Rate: 17.6 req/s
2026-06-23 16:14:12,630 | INFO | Progress: 800/5,000 (16.0%) | Success: 800 | Failed: 0 | Rate: 17.6 req/s
2026-06-23 16:14:12,646 | INFO | Checkpoint saved (800 rows) -> C:\Users\Sthuthi Sheela\Desktop\Employee-Attrition-Prediction\attack\stolen_dataset.csv
2026-06-23 16:14:15,355 | INFO | Progress: 850/5,000 (17.0%) | Success: 850 | Failed: 0 | Rate: 17.7 req/s
2026-06-23 16:14:18,205 | INFO | Progress: 900/5,000 (18.0%) | Success: 900 | Failed: 0 | Rate: 17.7 req/s
2026-06-23 16:14:18,224 | INFO | Checkpoint saved (900 rows) -> C:\Users\Sthuthi Sheela\Desktop\Employee-Attrition-Prediction\attack\stolen_dataset.csv
2026-06-23 16:14:21,051 | INFO | Progress: 950/5,000 (19.0%) | Success: 950 | Failed: 0 | Rate: 17.7 req/s
2026-06-23 16:14:23,834 | INFO | Progress: 1,000/5,000 (20.0%) | Success: 1,000 | Failed: 0 | Rate: 17.7 req/s
2026-06-23 16:14:23,843 | INFO | Checkpoint saved (1000 rows) -> C:\Users\Sthuthi Sheela\Desktop\Employee-Attrition-Prediction\attack\stolen_dataset.csv
2026-06-23 16:14:26,673 | INFO | Progress: 1,050/5,000 (21.0%) | Success: 1,050 | Failed: 0 | Rate: 17.7 req/s
2026-06-23 16:14:29,560 | INFO | Progress: 1,100/5,000 (22.0%) | Success: 1,100 | Failed: 0 | Rate: 17.7 req/s
2026-06-23 16:14:29,579 | INFO | Checkpoint saved (1100 rows) -> C:\Users\Sthuthi Sheela\Desktop\Employee-Attrition-Prediction\attack\stolen_dataset.csv
2026-06-23 16:14:32,375 | INFO | Progress: 1,150/5,000 (23.0%) | Success: 1,150 | Failed: 0 | Rate: 17.7 req/s
2026-06-23 16:14:35,173 | INFO | Progress: 1,200/5,000 (24.0%) | Success: 1,200 | Failed: 0 | Rate: 17.7 req/s
2026-06-23 16:14:35,197 | INFO | Checkpoint saved (1200 rows) -> C:\Users\Sthuthi Sheela\Desktop\Employee-Attrition-Prediction\attack\stolen_dataset.csv
2026-06-23 16:14:37,868 | INFO | Progress: 1,250/5,000 (25.0%) | Success: 1,250 | Failed: 0 | Rate: 17.7 req/s
2026-06-23 16:14:40,650 | INFO | Progress: 1,300/5,000 (26.0%) | Success: 1,300 | Failed: 0 | Rate: 17.7 req/s
2026-06-23 16:14:40,680 | INFO | Checkpoint saved (1300 rows) -> C:\Users\Sthuthi Sheela\Desktop\Employee-Attrition-Prediction\attack\stolen_dataset.csv
2026-06-23 16:14:43,401 | INFO | Progress: 1,350/5,000 (27.0%) | Success: 1,350 | Failed: 0 | Rate: 17.7 req/s
2026-06-23 16:14:46,201 | INFO | Progress: 1,400/5,000 (28.0%) | Success: 1,400 | Failed: 0 | Rate: 17.7 req/s
2026-06-23 16:14:46,225 | INFO | Checkpoint saved (1400 rows) -> C:\Users\Sthuthi Sheela\Desktop\Employee-Attrition-Prediction\attack\stolen_dataset.csv
2026-06-23 16:14:49,098 | INFO | Progress: 1,450/5,000 (29.0%) | Success: 1,450 | Failed: 0 | Rate: 17.7 req/s
2026-06-23 16:14:51,873 | INFO | Progress: 1,500/5,000 (30.0%) | Success: 1,500 | Failed: 0 | Rate: 17.7 req/s
2026-06-23 16:14:51,898 | INFO | Checkpoint saved (1500 rows) -> C:\Users\Sthuthi Sheela\Desktop\Employee-Attrition-Prediction\attack\stolen_dataset.csv
2026-06-23 16:14:54,555 | INFO | Progress: 1,550/5,000 (31.0%) | Success: 1,550 | Failed: 0 | Rate: 17.8 req/s
2026-06-23 16:14:57,222 | INFO | Progress: 1,600/5,000 (32.0%) | Success: 1,600 | Failed: 0 | Rate: 17.8 req/s
2026-06-23 16:14:57,246 | INFO | Checkpoint saved (1600 rows) -> C:\Users\Sthuthi Sheela\Desktop\Employee-Attrition-Prediction\attack\stolen_dataset.csv
2026-06-23 16:15:00,032 | INFO | Progress: 1,650/5,000 (33.0%) | Success: 1,650 | Failed: 0 | Rate: 17.8 req/s
2026-06-23 16:15:02,935 | INFO | Progress: 1,700/5,000 (34.0%) | Success: 1,700 | Failed: 0 | Rate: 17.8 req/s
2026-06-23 16:15:03,006 | INFO | Checkpoint saved (1700 rows) -> C:\Users\Sthuthi Sheela\Desktop\Employee-Attrition-Prediction\attack\stolen_dataset.csv
2026-06-23 16:15:06,047 | INFO | Progress: 1,750/5,000 (35.0%) | Success: 1,750 | Failed: 0 | Rate: 17.7 req/s
2026-06-23 16:15:09,076 | INFO | Progress: 1,800/5,000 (36.0%) | Success: 1,800 | Failed: 0 | Rate: 17.7 req/s
2026-06-23 16:15:09,106 | INFO | Checkpoint saved (1800 rows) -> C:\Users\Sthuthi Sheela\Desktop\Employee-Attrition-Prediction\attack\stolen_dataset.csv
2026-06-23 16:15:12,455 | INFO | Progress: 1,850/5,000 (37.0%) | Success: 1,850 | Failed: 0 | Rate: 17.6 req/s
2026-06-23 16:15:16,140 | INFO | Progress: 1,900/5,000 (38.0%) | Success: 1,900 | Failed: 0 | Rate: 17.5 req/s
2026-06-23 16:15:16,199 | INFO | Checkpoint saved (1900 rows) -> C:\Users\Sthuthi Sheela\Desktop\Employee-Attrition-Prediction\attack\stolen_dataset.csv
2026-06-23 16:15:19,507 | INFO | Progress: 1,950/5,000 (39.0%) | Success: 1,950 | Failed: 0 | Rate: 17.4 req/s
2026-06-23 16:15:22,929 | INFO | Progress: 2,000/5,000 (40.0%) | Success: 2,000 | Failed: 0 | Rate: 17.3 req/s
2026-06-23 16:15:23,035 | INFO | Checkpoint saved (2000 rows) -> C:\Users\Sthuthi Sheela\Desktop\Employee-Attrition-Prediction\attack\stolen_dataset.csv
2026-06-23 16:15:26,459 | INFO | Progress: 2,050/5,000 (41.0%) | Success: 2,050 | Failed: 0 | Rate: 17.2 req/s
2026-06-23 16:15:29,778 | INFO | Progress: 2,100/5,000 (42.0%) | Success: 2,100 | Failed: 0 | Rate: 17.1 req/s
2026-06-23 16:15:29,844 | INFO | Checkpoint saved (2100 rows) -> C:\Users\Sthuthi Sheela\Desktop\Employee-Attrition-Prediction\attack\stolen_dataset.csv
2026-06-23 16:15:33,325 | INFO | Progress: 2,150/5,000 (43.0%) | Success: 2,150 | Failed: 0 | Rate: 17.1 req/s
2026-06-23 16:15:36,561 | INFO | Progress: 2,200/5,000 (44.0%) | Success: 2,200 | Failed: 0 | Rate: 17.0 req/s
2026-06-23 16:15:36,627 | INFO | Checkpoint saved (2200 rows) -> C:\Users\Sthuthi Sheela\Desktop\Employee-Attrition-Prediction\attack\stolen_dataset.csv
2026-06-23 16:15:39,970 | INFO | Progress: 2,250/5,000 (45.0%) | Success: 2,250 | Failed: 0 | Rate: 17.0 req/s
2026-06-23 16:15:43,374 | INFO | Progress: 2,300/5,000 (46.0%) | Success: 2,300 | Failed: 0 | Rate: 16.9 req/s
2026-06-23 16:15:43,444 | INFO | Checkpoint saved (2300 rows) -> C:\Users\Sthuthi Sheela\Desktop\Employee-Attrition-Prediction\attack\stolen_dataset.csv
2026-06-23 16:15:46,664 | INFO | Progress: 2,350/5,000 (47.0%) | Success: 2,350 | Failed: 0 | Rate: 16.9 req/s
2026-06-23 16:15:50,164 | INFO | Progress: 2,400/5,000 (48.0%) | Success: 2,400 | Failed: 0 | Rate: 16.8 req/s
2026-06-23 16:15:50,233 | INFO | Checkpoint saved (2400 rows) -> C:\Users\Sthuthi Sheela\Desktop\Employee-Attrition-Prediction\attack\stolen_dataset.csv
2026-06-23 16:15:53,596 | INFO | Progress: 2,450/5,000 (49.0%) | Success: 2,450 | Failed: 0 | Rate: 16.7 req/s
2026-06-23 16:15:56,682 | INFO | Progress: 2,500/5,000 (50.0%) | Success: 2,500 | Failed: 0 | Rate: 16.7 req/s
2026-06-23 16:15:56,726 | INFO | Checkpoint saved (2500 rows) -> C:\Users\Sthuthi Sheela\Desktop\Employee-Attrition-Prediction\attack\stolen_dataset.csv
2026-06-23 16:15:59,497 | INFO | Progress: 2,550/5,000 (51.0%) | Success: 2,550 | Failed: 0 | Rate: 16.8 req/s
2026-06-23 16:16:02,364 | INFO | Progress: 2,600/5,000 (52.0%) | Success: 2,600 | Failed: 0 | Rate: 16.8 req/s
2026-06-23 16:16:02,391 | INFO | Checkpoint saved (2600 rows) -> C:\Users\Sthuthi Sheela\Desktop\Employee-Attrition-Prediction\attack\stolen_dataset.csv
2026-06-23 16:16:05,124 | INFO | Progress: 2,650/5,000 (53.0%) | Success: 2,650 | Failed: 0 | Rate: 16.8 req/s
2026-06-23 16:16:07,980 | INFO | Progress: 2,700/5,000 (54.0%) | Success: 2,700 | Failed: 0 | Rate: 16.8 req/s
2026-06-23 16:16:08,023 | INFO | Checkpoint saved (2700 rows) -> C:\Users\Sthuthi Sheela\Desktop\Employee-Attrition-Prediction\attack\stolen_dataset.csv
2026-06-23 16:16:10,916 | INFO | Progress: 2,750/5,000 (55.0%) | Success: 2,750 | Failed: 0 | Rate: 16.8 req/s
2026-06-23 16:16:13,648 | INFO | Progress: 2,800/5,000 (56.0%) | Success: 2,800 | Failed: 0 | Rate: 16.8 req/s
2026-06-23 16:16:13,690 | INFO | Checkpoint saved (2800 rows) -> C:\Users\Sthuthi Sheela\Desktop\Employee-Attrition-Prediction\attack\stolen_dataset.csv
2026-06-23 16:16:16,550 | INFO | Progress: 2,850/5,000 (57.0%) | Success: 2,850 | Failed: 0 | Rate: 16.8 req/s
2026-06-23 16:16:19,387 | INFO | Progress: 2,900/5,000 (58.0%) | Success: 2,900 | Failed: 0 | Rate: 16.9 req/s
2026-06-23 16:16:19,436 | INFO | Checkpoint saved (2900 rows) -> C:\Users\Sthuthi Sheela\Desktop\Employee-Attrition-Prediction\attack\stolen_dataset.csv
2026-06-23 16:16:22,251 | INFO | Progress: 2,950/5,000 (59.0%) | Success: 2,950 | Failed: 0 | Rate: 16.9 req/s
2026-06-23 16:16:24,913 | INFO | Progress: 3,000/5,000 (60.0%) | Success: 3,000 | Failed: 0 | Rate: 16.9 req/s
2026-06-23 16:16:24,937 | INFO | Checkpoint saved (3000 rows) -> C:\Users\Sthuthi Sheela\Desktop\Employee-Attrition-Prediction\attack\stolen_dataset.csv
2026-06-23 16:16:27,767 | INFO | Progress: 3,050/5,000 (61.0%) | Success: 3,050 | Failed: 0 | Rate: 16.9 req/s
2026-06-23 16:16:30,732 | INFO | Progress: 3,100/5,000 (62.0%) | Success: 3,100 | Failed: 0 | Rate: 16.9 req/s
2026-06-23 16:16:30,789 | INFO | Checkpoint saved (3100 rows) -> C:\Users\Sthuthi Sheela\Desktop\Employee-Attrition-Prediction\attack\stolen_dataset.csv
2026-06-23 16:16:33,603 | INFO | Progress: 3,150/5,000 (63.0%) | Success: 3,150 | Failed: 0 | Rate: 16.9 req/s
2026-06-23 16:16:36,186 | INFO | Progress: 3,200/5,000 (64.0%) | Success: 3,200 | Failed: 0 | Rate: 16.9 req/s
2026-06-23 16:16:36,240 | INFO | Checkpoint saved (3200 rows) -> C:\Users\Sthuthi Sheela\Desktop\Employee-Attrition-Prediction\attack\stolen_dataset.csv
2026-06-23 16:16:39,021 | INFO | Progress: 3,250/5,000 (65.0%) | Success: 3,250 | Failed: 0 | Rate: 17.0 req/s
2026-06-23 16:16:41,744 | INFO | Progress: 3,300/5,000 (66.0%) | Success: 3,300 | Failed: 0 | Rate: 17.0 req/s
2026-06-23 16:16:41,794 | INFO | Checkpoint saved (3300 rows) -> C:\Users\Sthuthi Sheela\Desktop\Employee-Attrition-Prediction\attack\stolen_dataset.csv
2026-06-23 16:16:44,659 | INFO | Progress: 3,350/5,000 (67.0%) | Success: 3,350 | Failed: 0 | Rate: 17.0 req/s
2026-06-23 16:16:47,455 | INFO | Progress: 3,400/5,000 (68.0%) | Success: 3,400 | Failed: 0 | Rate: 17.0 req/s
2026-06-23 16:16:47,510 | INFO | Checkpoint saved (3400 rows) -> C:\Users\Sthuthi Sheela\Desktop\Employee-Attrition-Prediction\attack\stolen_dataset.csv
2026-06-23 16:16:50,309 | INFO | Progress: 3,450/5,000 (69.0%) | Success: 3,450 | Failed: 0 | Rate: 17.0 req/s
2026-06-23 16:16:52,945 | INFO | Progress: 3,500/5,000 (70.0%) | Success: 3,500 | Failed: 0 | Rate: 17.0 req/s
2026-06-23 16:16:53,001 | INFO | Checkpoint saved (3500 rows) -> C:\Users\Sthuthi Sheela\Desktop\Employee-Attrition-Prediction\attack\stolen_dataset.csv
2026-06-23 16:16:55,673 | INFO | Progress: 3,550/5,000 (71.0%) | Success: 3,550 | Failed: 0 | Rate: 17.0 req/s
2026-06-23 16:16:58,489 | INFO | Progress: 3,600/5,000 (72.0%) | Success: 3,600 | Failed: 0 | Rate: 17.0 req/s
2026-06-23 16:16:58,568 | INFO | Checkpoint saved (3600 rows) -> C:\Users\Sthuthi Sheela\Desktop\Employee-Attrition-Prediction\attack\stolen_dataset.csv
2026-06-23 16:17:01,344 | INFO | Progress: 3,650/5,000 (73.0%) | Success: 3,650 | Failed: 0 | Rate: 17.1 req/s
2026-06-23 16:17:04,026 | INFO | Progress: 3,700/5,000 (74.0%) | Success: 3,700 | Failed: 0 | Rate: 17.1 req/s
2026-06-23 16:17:04,088 | INFO | Checkpoint saved (3700 rows) -> C:\Users\Sthuthi Sheela\Desktop\Employee-Attrition-Prediction\attack\stolen_dataset.csv
2026-06-23 16:17:06,887 | INFO | Progress: 3,750/5,000 (75.0%) | Success: 3,750 | Failed: 0 | Rate: 17.1 req/s
2026-06-23 16:17:09,585 | INFO | Progress: 3,800/5,000 (76.0%) | Success: 3,800 | Failed: 0 | Rate: 17.1 req/s
2026-06-23 16:17:09,639 | INFO | Checkpoint saved (3800 rows) -> C:\Users\Sthuthi Sheela\Desktop\Employee-Attrition-Prediction\attack\stolen_dataset.csv
2026-06-23 16:17:12,405 | INFO | Progress: 3,850/5,000 (77.0%) | Success: 3,850 | Failed: 0 | Rate: 17.1 req/s
2026-06-23 16:17:15,207 | INFO | Progress: 3,900/5,000 (78.0%) | Success: 3,900 | Failed: 0 | Rate: 17.1 req/s
2026-06-23 16:17:15,256 | INFO | Checkpoint saved (3900 rows) -> C:\Users\Sthuthi Sheela\Desktop\Employee-Attrition-Prediction\attack\stolen_dataset.csv
2026-06-23 16:17:18,009 | INFO | Progress: 3,950/5,000 (79.0%) | Success: 3,950 | Failed: 0 | Rate: 17.1 req/s
2026-06-23 16:17:20,821 | INFO | Progress: 4,000/5,000 (80.0%) | Success: 4,000 | Failed: 0 | Rate: 17.1 req/s
2026-06-23 16:17:20,893 | INFO | Checkpoint saved (4000 rows) -> C:\Users\Sthuthi Sheela\Desktop\Employee-Attrition-Prediction\attack\stolen_dataset.csv
2026-06-23 16:17:23,673 | INFO | Progress: 4,050/5,000 (81.0%) | Success: 4,050 | Failed: 0 | Rate: 17.1 req/s
2026-06-23 16:17:26,460 | INFO | Progress: 4,100/5,000 (82.0%) | Success: 4,100 | Failed: 0 | Rate: 17.1 req/s
2026-06-23 16:17:26,521 | INFO | Checkpoint saved (4100 rows) -> C:\Users\Sthuthi Sheela\Desktop\Employee-Attrition-Prediction\attack\stolen_dataset.csv
2026-06-23 16:17:29,265 | INFO | Progress: 4,150/5,000 (83.0%) | Success: 4,150 | Failed: 0 | Rate: 17.2 req/s
2026-06-23 16:17:32,009 | INFO | Progress: 4,200/5,000 (84.0%) | Success: 4,200 | Failed: 0 | Rate: 17.2 req/s
2026-06-23 16:17:32,081 | INFO | Checkpoint saved (4200 rows) -> C:\Users\Sthuthi Sheela\Desktop\Employee-Attrition-Prediction\attack\stolen_dataset.csv
2026-06-23 16:17:34,843 | INFO | Progress: 4,250/5,000 (85.0%) | Success: 4,250 | Failed: 0 | Rate: 17.2 req/s
2026-06-23 16:17:37,426 | INFO | Progress: 4,300/5,000 (86.0%) | Success: 4,300 | Failed: 0 | Rate: 17.2 req/s
2026-06-23 16:17:37,480 | INFO | Checkpoint saved (4300 rows) -> C:\Users\Sthuthi Sheela\Desktop\Employee-Attrition-Prediction\attack\stolen_dataset.csv
2026-06-23 16:17:40,166 | INFO | Progress: 4,350/5,000 (87.0%) | Success: 4,350 | Failed: 0 | Rate: 17.2 req/s
2026-06-23 16:17:43,029 | INFO | Progress: 4,400/5,000 (88.0%) | Success: 4,400 | Failed: 0 | Rate: 17.2 req/s
2026-06-23 16:17:43,113 | INFO | Checkpoint saved (4400 rows) -> C:\Users\Sthuthi Sheela\Desktop\Employee-Attrition-Prediction\attack\stolen_dataset.csv
2026-06-23 16:17:45,951 | INFO | Progress: 4,450/5,000 (89.0%) | Success: 4,450 | Failed: 0 | Rate: 17.2 req/s
2026-06-23 16:17:48,596 | INFO | Progress: 4,500/5,000 (90.0%) | Success: 4,500 | Failed: 0 | Rate: 17.2 req/s
2026-06-23 16:17:48,662 | INFO | Checkpoint saved (4500 rows) -> C:\Users\Sthuthi Sheela\Desktop\Employee-Attrition-Prediction\attack\stolen_dataset.csv
2026-06-23 16:17:51,356 | INFO | Progress: 4,550/5,000 (91.0%) | Success: 4,550 | Failed: 0 | Rate: 17.2 req/s
2026-06-23 16:17:54,102 | INFO | Progress: 4,600/5,000 (92.0%) | Success: 4,600 | Failed: 0 | Rate: 17.2 req/s
2026-06-23 16:17:54,169 | INFO | Checkpoint saved (4600 rows) -> C:\Users\Sthuthi Sheela\Desktop\Employee-Attrition-Prediction\attack\stolen_dataset.csv
2026-06-23 16:17:56,938 | INFO | Progress: 4,650/5,000 (93.0%) | Success: 4,650 | Failed: 0 | Rate: 17.2 req/s
2026-06-23 16:17:59,691 | INFO | Progress: 4,700/5,000 (94.0%) | Success: 4,700 | Failed: 0 | Rate: 17.3 req/s
2026-06-23 16:17:59,761 | INFO | Checkpoint saved (4700 rows) -> C:\Users\Sthuthi Sheela\Desktop\Employee-Attrition-Prediction\attack\stolen_dataset.csv
2026-06-23 16:18:02,652 | INFO | Progress: 4,750/5,000 (95.0%) | Success: 4,750 | Failed: 0 | Rate: 17.2 req/s
2026-06-23 16:18:05,475 | INFO | Progress: 4,800/5,000 (96.0%) | Success: 4,800 | Failed: 0 | Rate: 17.3 req/s
2026-06-23 16:18:05,522 | INFO | Checkpoint saved (4800 rows) -> C:\Users\Sthuthi Sheela\Desktop\Employee-Attrition-Prediction\attack\stolen_dataset.csv
2026-06-23 16:18:08,090 | INFO | Progress: 4,850/5,000 (97.0%) | Success: 4,850 | Failed: 0 | Rate: 17.3 req/s
2026-06-23 16:18:10,541 | INFO | Progress: 4,900/5,000 (98.0%) | Success: 4,900 | Failed: 0 | Rate: 17.3 req/s
2026-06-23 16:18:10,581 | INFO | Checkpoint saved (4900 rows) -> C:\Users\Sthuthi Sheela\Desktop\Employee-Attrition-Prediction\attack\stolen_dataset.csv
2026-06-23 16:18:13,431 | INFO | Progress: 4,950/5,000 (99.0%) | Success: 4,950 | Failed: 0 | Rate: 17.3 req/s
2026-06-23 16:18:16,211 | INFO | Progress: 5,000/5,000 (100.0%) | Success: 5,000 | Failed: 0 | Rate: 17.3 req/s
2026-06-23 16:18:16,277 | INFO | Checkpoint saved (5000 rows) -> C:\Users\Sthuthi Sheela\Desktop\Employee-Attrition-Prediction\attack\stolen_dataset.csv
2026-06-23 16:18:16,346 | INFO | ======================================================================
2026-06-23 16:18:16,347 | INFO | ATTACK COMPLETE
2026-06-23 16:18:16,347 | INFO | ======================================================================
2026-06-23 16:18:16,347 | INFO | Total queries sent     : 5,000
2026-06-23 16:18:16,347 | INFO | Successful responses   : 5,000
2026-06-23 16:18:16,348 | INFO | Failed responses       : 0
2026-06-23 16:18:16,348 | INFO | Success rate           : 100.0%
2026-06-23 16:18:16,349 | INFO | Elapsed time           : 289.06 seconds
2026-06-23 16:18:16,349 | INFO | Stolen dataset saved   : C:\Users\Sthuthi Sheela\Desktop\Employee-Attrition-Prediction\attack\stolen_dataset.csv
2026-06-23 16:18:16,349 | INFO | ======================================================================
